<?xml version="1.0" encoding="utf-8"?><testsuites name="pytest tests"><testsuite name="pytest" errors="0" failures="0" skipped="0" tests="19" time="4.118" timestamp="2026-06-24T04:29:42.927468+00:00" hostname="agent-env-60310f61-8225-47f4-a071-004ad4c5654d"><testcase classname="backend.tests.test_signalrank" name="test_root_status" time="0.147" /><testcase classname="backend.tests.test_signalrank" name="test_categories" time="0.152" /><testcase classname="backend.tests.test_signalrank.TestSettings" name="test_get_settings" time="0.125" /><testcase classname="backend.tests.test_signalrank.TestSettings" name="test_put_and_reset_settings" time="0.450" /><testcase classname="backend.tests.test_signalrank.TestResumes" name="test_stats" time="0.093" /><testcase classname="backend.tests.test_signalrank.TestResumes" name="test_list_sorted_desc" time="0.097" /><testcase classname="backend.tests.test_signalrank.TestResumes" name="test_status_filter" time="0.098" /><testcase classname="backend.tests.test_signalrank.TestResumes" name="test_search_query" time="0.098" /><testcase classname="backend.tests.test_signalrank.TestUploadAndCandidate" name="test_upload_unsupported_type" time="0.129" /><testcase classname="backend.tests.test_signalrank.TestUploadAndCandidate" name="test_upload_mixed_files" time="0.289" /><testcase classname="backend.tests.test_signalrank.TestUploadAndCandidate" name="test_get_candidate_detail" time="0.905" /><testcase classname="backend.tests.test_signalrank.TestUploadAndCandidate" name="test_get_candidate_404" time="0.094" /><testcase classname="backend.tests.test_signalrank.TestUploadAndCandidate" name="test_decision_update" time="0.303" /><testcase classname="backend.tests.test_signalrank.TestUploadAndCandidate" name="test_decision_404" time="0.189" /><testcase classname="backend.tests.test_signalrank" name="test_export_csv" time="0.099" /><testcase classname="backend.tests.test_signalrank" name="test_rescore_all" time="0.104" /><testcase classname="backend.tests.test_signalrank" name="test_status_thresholds_consistent" time="0.195" /><testcase classname="backend.tests.test_signalrank" name="test_delete_candidate_flow" time="0.372" /><testcase classname="backend.tests.test_signalrank" name="test_delete_404" time="0.095" /></testsuite></testsuites>